\BOOKMARK [1][-]{section.1}{\376\377\004\067\004\060\004\064\004\060\004\075\004\070\004\065\000.\000\040\004\037\004\100\004\070\004\064\004\103\004\074\004\060\004\102\004\114\000\040\004\075\004\065\004\077\004\100\004\065\004\100\004\113\004\062\004\075\004\076\004\065\000.}{}% 1
\BOOKMARK [2][-]{subsection.1.1}{}{section.1}% 2
\BOOKMARK [2][-]{subsection.1.2}{}{section.1}% 3
\BOOKMARK [2][-]{subsection.1.3}{}{section.1}% 4
\BOOKMARK [2][-]{subsection.1.4}{}{section.1}% 5
\BOOKMARK [2][-]{subsection.1.5}{}{section.1}% 6
\BOOKMARK [2][-]{subsection.1.6}{}{section.1}% 7
\BOOKMARK [1][-]{section.2}{\376\377\004\067\004\060\004\064\004\060\004\075\004\070\004\065\000.\000\040\004\027\004\060\004\074\004\076\004\064\004\065\004\073\004\070\004\100\004\076\004\062\004\060\004\102\004\114\000\040\004\075\004\065\004\077\004\100\004\065\004\100\004\113\004\062\004\075\004\076\004\065\000.}{}% 8
\BOOKMARK [2][-]{subsection.2.1}{}{section.2}% 9
\BOOKMARK [2][-]{subsection.2.2}{}{section.2}% 10
\BOOKMARK [2][-]{subsection.2.3}{}{section.2}% 11
\BOOKMARK [2][-]{subsection.2.4}{}{section.2}% 12
\BOOKMARK [2][-]{subsection.2.5}{}{section.2}% 13
\BOOKMARK [2][-]{subsection.2.6}{}{section.2}% 14
\BOOKMARK [1][-]{section.3}{\376\377\004\067\004\060\004\064\004\060\004\075\004\070\004\065\000.\000\040\004\037\004\100\004\070\004\064\004\103\004\074\004\060\004\102\004\114\000\040\004\064\004\070\004\101\004\072\004\100\004\065\004\102\004\075\004\076\004\065\000.}{}% 15
\BOOKMARK [2][-]{subsection.3.1}{\376\377\0001\000,\000\040\0002\000\040\000=\000\040\000-\0001}{section.3}% 16
\BOOKMARK [2][-]{subsection.3.2}{\376\377\0001\000,\000\040\0002\000\040\000=\000\040\000-\0001\0002\000\040\0001\0002\000\040\000i}{section.3}% 17
\BOOKMARK [2][-]{subsection.3.3}{\376\377\0001\000,\000\040\0002\000\040\000=\000\040\000i}{section.3}% 18
\BOOKMARK [2][-]{subsection.3.4}{\376\377\0001\000,\000\040\0002\000\040\000=\000\040\0001\0002\000\040\0001\0002\000\040\000i}{section.3}% 19
\BOOKMARK [2][-]{subsection.3.5}{\376\377\0001\000,\000\040\0002\000\040\000=\000\040\0001}{section.3}% 20
\BOOKMARK [2][-]{subsection.3.6}{\376\377\0001\000,\000\040\0002\000\040\000=\000\040\000-\0001\0002}{section.3}% 21
\BOOKMARK [2][-]{subsection.3.7}{\376\377\0001\000,\000\040\0002\000\040\000=\000\040\000i\0002}{section.3}% 22
\BOOKMARK [2][-]{subsection.3.8}{\376\377\0001\000,\000\040\0002\000\040\000=\000\040\0001\0002}{section.3}% 23
\BOOKMARK [2][-]{subsection.3.9}{\376\377\0001\000,\000\040\0002\000\040\000=\000\040\000-\0002}{section.3}% 24
\BOOKMARK [2][-]{subsection.3.10}{\376\377\0001\000,\000\040\0002\000\040\000=\000\040\0002\000i}{section.3}% 25
\BOOKMARK [2][-]{subsection.3.11}{\376\377\0001\000,\000\040\0002\000\040\000=\000\040\0002}{section.3}% 26
\BOOKMARK [2][-]{subsection.3.12}{\376\377\0001\000,\000\040\0002\000\040\000=\000\040\0000}{section.3}% 27
\BOOKMARK [1][-]{section.4}{\376\377\004\067\004\060\004\064\004\060\004\075\004\070\004\065\000.\000\040\004\027\004\060\004\074\004\076\004\064\004\065\004\073\004\070\004\100\004\076\004\062\004\060\004\102\004\114\000\040\004\064\004\070\004\101\004\072\004\100\004\065\004\102\004\075\004\076\004\065\000.}{}% 28
\BOOKMARK [2][-]{subsection.4.1}{\376\377\0001\000,\000\040\0002\000\040\000=\000\040\000-\0001}{section.4}% 29
\BOOKMARK [2][-]{subsection.4.2}{\376\377\0001\000,\000\040\0002\000\040\000=\000\040\000-\0001\0002\000\040\0001\0002\000\040\000i}{section.4}% 30
\BOOKMARK [2][-]{subsection.4.3}{\376\377\0001\000,\000\040\0002\000\040\000=\000\040\000i}{section.4}% 31
\BOOKMARK [2][-]{subsection.4.4}{\376\377\0001\000,\000\040\0002\000\040\000=\000\040\0001\0002\000\040\0001\0002\000\040\000i}{section.4}% 32
\BOOKMARK [2][-]{subsection.4.5}{\376\377\0001\000,\000\040\0002\000\040\000=\000\040\0001}{section.4}% 33
\BOOKMARK [2][-]{subsection.4.6}{\376\377\0001\000,\000\040\0002\000\040\000=\000\040\000-\0001\0002}{section.4}% 34
\BOOKMARK [2][-]{subsection.4.7}{\376\377\0001\000,\000\040\0002\000\040\000=\000\040\000i\0002}{section.4}% 35
\BOOKMARK [2][-]{subsection.4.8}{\376\377\0001\000,\000\040\0002\000\040\000=\000\040\0001\0002}{section.4}% 36
\BOOKMARK [2][-]{subsection.4.9}{\376\377\0001\000,\000\040\0002\000\040\000=\000\040\000-\0002}{section.4}% 37
\BOOKMARK [2][-]{subsection.4.10}{\376\377\0001\000,\000\040\0002\000\040\000=\000\040\0002\000i}{section.4}% 38
\BOOKMARK [2][-]{subsection.4.11}{\376\377\0001\000,\000\040\0002\000\040\000=\000\040\0002}{section.4}% 39
\BOOKMARK [2][-]{subsection.4.12}{\376\377\0001\000,\000\040\0002\000\040\000=\000\040\0000}{section.4}% 40
\BOOKMARK [1][-]{section.5}{\376\377\004\067\004\060\004\064\004\060\004\075\004\070\004\065\000.\000\040\004\036\004\101\004\106\004\070\004\073\004\073\004\117\004\102\004\076\004\100\000?}{}% 41
\BOOKMARK [2][-]{subsection.5.1}{\376\377\000\040\000a\000<\000\040\0000\000,\000\040\000\040\000b\000\040\000=\000\040\0000}{section.5}% 42
\BOOKMARK [2][-]{subsection.5.2}{\376\377\000\040\000a\000\040\000<\000\040\0000\000,\000\040\000\040\000b\000\040\000<\000\040\0000}{section.5}% 43
\BOOKMARK [2][-]{subsection.5.3}{\376\377\000\040\000a\000>\000\040\0000\000,\000\040\000\040\000b\000\040\000=\000\040\0000}{section.5}% 44
\BOOKMARK [2][-]{subsection.5.4}{\376\377\000\040\000a\000>\000\040\0000\000,\000\040\000\040\000b\000\040\000<\000\040\0000}{section.5}% 45
