\BOOKMARK [1][-]{section.1}{\376\377\004\027\004\060\004\064\004\060\004\075\004\070\004\065\000.}{}% 1
\BOOKMARK [2][-]{subsection.1.1}{}{section.1}% 2
\BOOKMARK [2][-]{subsection.1.2}{}{section.1}% 3
\BOOKMARK [2][-]{subsection.1.3}{}{section.1}% 4
\BOOKMARK [2][-]{subsection.1.4}{}{section.1}% 5
\BOOKMARK [2][-]{subsection.1.5}{}{section.1}% 6
\BOOKMARK [2][-]{subsection.1.6}{}{section.1}% 7
\BOOKMARK [2][-]{subsection.1.7}{}{section.1}% 8
\BOOKMARK [2][-]{subsection.1.8}{}{section.1}% 9
\BOOKMARK [2][-]{subsection.1.9}{}{section.1}% 10
\BOOKMARK [2][-]{subsection.1.10}{}{section.1}% 11
\BOOKMARK [2][-]{subsection.1.11}{}{section.1}% 12
\BOOKMARK [2][-]{subsection.1.12}{}{section.1}% 13
\BOOKMARK [2][-]{subsection.1.13}{}{section.1}% 14
\BOOKMARK [2][-]{subsection.1.14}{}{section.1}% 15
\BOOKMARK [2][-]{subsection.1.15}{}{section.1}% 16
\BOOKMARK [2][-]{subsection.1.16}{}{section.1}% 17
\BOOKMARK [1][-]{section.2}{\376\377\004\020\004\075\004\060\004\073\004\070\004\067}{}% 18
\BOOKMARK [2][-]{subsection.2.1}{}{section.2}% 19
\BOOKMARK [2][-]{subsection.2.2}{}{section.2}% 20
\BOOKMARK [2][-]{subsection.2.3}{}{section.2}% 21
\BOOKMARK [2][-]{subsection.2.4}{}{section.2}% 22
\BOOKMARK [1][-]{section.3}{\376\377\004\022\004\070\004\067\004\103\004\060\004\073\004\070\004\067\004\060\004\106\004\070\004\117}{}% 23
\BOOKMARK [2][-]{subsection.3.1}{\376\377\004\024\004\073\004\117\000\040\004\076\004\102\004\076\004\061\004\100\004\060\004\066\004\065\004\075\004\070\004\117\000\040\0001}{section.3}% 24
\BOOKMARK [2][-]{subsection.3.2}{\376\377\004\024\004\073\004\117\000\040\004\076\004\102\004\076\004\061\004\100\004\060\004\066\004\065\004\075\004\070\004\117\000\040\0002}{section.3}% 25
\BOOKMARK [2][-]{subsection.3.3}{\376\377\004\024\004\073\004\117\000\040\004\076\004\102\004\076\004\061\004\100\004\060\004\066\004\065\004\075\004\070\004\117\000\040\0003}{section.3}% 26
\BOOKMARK [2][-]{subsection.3.4}{\376\377\004\024\004\073\004\117\000\040\004\076\004\102\004\076\004\061\004\100\004\060\004\066\004\065\004\075\004\070\004\117\000\040\0004}{section.3}% 27
\BOOKMARK [2][-]{subsection.3.5}{\376\377\004\024\004\073\004\117\000\040\004\076\004\102\004\076\004\061\004\100\004\060\004\066\004\065\004\075\004\070\004\117\000\040\0005}{section.3}% 28
\BOOKMARK [2][-]{subsection.3.6}{\376\377\004\024\004\073\004\117\000\040\004\076\004\102\004\076\004\061\004\100\004\060\004\066\004\065\004\075\004\070\004\117\000\040\0006}{section.3}% 29
\BOOKMARK [2][-]{subsection.3.7}{\376\377\004\024\004\073\004\117\000\040\004\076\004\102\004\076\004\061\004\100\004\060\004\066\004\065\004\075\004\070\004\117\000\040\0007}{section.3}% 30
\BOOKMARK [2][-]{subsection.3.8}{\376\377\004\024\004\073\004\117\000\040\004\076\004\102\004\076\004\061\004\100\004\060\004\066\004\065\004\075\004\070\004\117\000\040\0008}{section.3}% 31
\BOOKMARK [2][-]{subsection.3.9}{\376\377\004\024\004\073\004\117\000\040\004\076\004\102\004\076\004\061\004\100\004\060\004\066\004\065\004\075\004\070\004\117\000\040\0009}{section.3}% 32
\BOOKMARK [2][-]{subsection.3.10}{\376\377\004\024\004\073\004\117\000\040\004\076\004\102\004\076\004\061\004\100\004\060\004\066\004\065\004\075\004\070\004\117\000\040\0001\0000}{section.3}% 33
\BOOKMARK [2][-]{subsection.3.11}{\376\377\004\024\004\073\004\117\000\040\004\076\004\102\004\076\004\061\004\100\004\060\004\066\004\065\004\075\004\070\004\117\000\040\0001\0001}{section.3}% 34
\BOOKMARK [2][-]{subsection.3.12}{\376\377\004\024\004\073\004\117\000\040\004\076\004\102\004\076\004\061\004\100\004\060\004\066\004\065\004\075\004\070\004\117\000\040\0001\0002}{section.3}% 35
\BOOKMARK [2][-]{subsection.3.13}{\376\377\004\024\004\073\004\117\000\040\004\076\004\102\004\076\004\061\004\100\004\060\004\066\004\065\004\075\004\070\004\117\000\040\0001\0003}{section.3}% 36
\BOOKMARK [2][-]{subsection.3.14}{\376\377\004\024\004\073\004\117\000\040\004\076\004\102\004\076\004\061\004\100\004\060\004\066\004\065\004\075\004\070\004\117\000\040\0001\0004}{section.3}% 37
\BOOKMARK [2][-]{subsection.3.15}{\376\377\004\024\004\073\004\117\000\040\004\076\004\102\004\076\004\061\004\100\004\060\004\066\004\065\004\075\004\070\004\117\000\040\0001\0005}{section.3}% 38
\BOOKMARK [2][-]{subsection.3.16}{\376\377\004\024\004\073\004\117\000\040\004\076\004\102\004\076\004\061\004\100\004\060\004\066\004\065\004\075\004\070\004\117\000\040\0001\0006}{section.3}% 39
